C251 COMPILER V5.60.0,  action                                                             25/03/25  00:04:32  PAGE 1   


C251 COMPILER V5.60.0, COMPILATION OF MODULE action
OBJECT MODULE PLACED IN .\Out_File\action.obj
COMPILER INVOKED BY: D:\keil\C251\BIN\C251.EXE ..\CODE\action.c XSMALL INTR2 FLOAT64 WARNINGLEVEL(3) OPTIMIZE(0,SPEED) B
                    -ROWSE INCDIR(..\..\Libraries\libraries;..\..\Libraries\seekfree_libraries;..\..\Libraries\seekfree_peripheral;..\CODE;..
                    -\USER\inc;..\USER\src;..\..\Libraries\seekfree_components) DEBUG PRINT(.\Out_File\action.lst) TABS(2) OBJECT(.\Out_File\
                    -action.obj) 

stmt  level    source

    1          /********************************************************************************************************
             -*************
    2           * @author        Niko
    3           * @Target core   STC32G12K128
    4           * @date          2025-3-6
    5           * @brief           此库为元素识别库，后续控制在主函数中进行
    6           * @Last editor     Niko
    7           ********************************************************************************************************
             -************/
    8          #include "headfile.h"
    9          #include  "action.h"
   10          #include "BD_ctrl.h"
   11          void motor(void)
   12          {
   13   1          if(flag == NO_FLAG)
   14   1          {
   15   2              DRV8701_loop_ctrl(0,0);
   16   2          }
   17   1          if(flag == STRIAGHT)
   18   1          {
   19   2              DRV8701_loop_ctrl(100,100);
   20   2          }
   21   1          if(flag == Crossroads)
   22   1          {
   23   2              DRV8701_loop_ctrl(100,100);
   24   2          }
   25   1          if(flag == TurnLeft)
   26   1          {
   27   2              DRV8701_loop_ctrl(100,50);
   28   2          }
   29   1          if(flag == TurnRight)
   30   1          {
   31   2              DRV8701_loop_ctrl(50,100); 
   32   2          }
   33   1          if(flag == AngleLeft)
   34   1          {
   35   2              DRV8701_loop_ctrl(100,70);
   36   2          }
   37   1          if(flag == AngleRight)
   38   1          {
   39   2              DRV8701_loop_ctrl(70,100);
   40   2          }
   41   1          if(flag == InRoundaboutL)
   42   1          {
   43   2             DRV8701_loop_ctrl(100,30);
   44   2          }
   45   1          if(flag == InRoundaboutR)
   46   1          {
   47   2             DRV8701_loop_ctrl(30,100);
   48   2          }
   49   1          if(flag == OutRoundaboutL)
   50   1          {
   51   2             DRV8701_loop_ctrl(100,30); 
   52   2          }
   53   1          else{
   54   2              DRV8701_loop_ctrl(0,0);
C251 COMPILER V5.60.0,  action                                                             25/03/25  00:04:32  PAGE 2   

   55   2          }
   56   1      
   57   1          
   58   1         
   59   1      }


Module Information          Static   Overlayable
------------------------------------------------
  code size            =       270     ------
  ecode size           =    ------     ------
  data size            =    ------     ------
  idata size           =    ------     ------
  pdata size           =    ------     ------
  xdata size           =    ------     ------
  xdata-const size     =    ------     ------
  edata size           =    ------     ------
  bit size             =    ------     ------
  ebit size            =    ------     ------
  bitaddressable size  =    ------     ------
  ebitaddressable size =    ------     ------
  far data size        =    ------     ------
  huge data size       =    ------     ------
  const size           =    ------     ------
  hconst size          =    ------     ------
End of Module Information.


C251 COMPILATION COMPLETE.  0 WARNING(S),  0 ERROR(S)
