C251 COMPILER V5.60.0,  Imu_1                                                              22/03/25  21:52:46  PAGE 1   


C251 COMPILER V5.60.0, COMPILATION OF MODULE Imu_1
OBJECT MODULE PLACED IN .\Out_File\Imu_1.obj
COMPILER INVOKED BY: D:\keil\C251\BIN\C251.EXE ..\CODE\Imu_1.c XSMALL INTR2 FLOAT64 WARNINGLEVEL(3) OPTIMIZE(0,SPEED) BR
                    -OWSE INCDIR(..\..\Libraries\libraries;..\..\Libraries\seekfree_libraries;..\..\Libraries\seekfree_peripheral;..\CODE;..\
                    -USER\inc;..\USER\src;..\..\Libraries\seekfree_components) DEBUG PRINT(.\Out_File\Imu_1.lst) TABS(2) OBJECT(.\Out_File\Im
                    -u_1.obj) 

stmt  level    source

*** WARNING C38 IN LINE 1 OF ..\CODE\Imu_1.c: empty translation unit


Module Information          Static   Overlayable
------------------------------------------------
  code size            =    ------     ------
  ecode size           =    ------     ------
  data size            =    ------     ------
  idata size           =    ------     ------
  pdata size           =    ------     ------
  xdata size           =    ------     ------
  xdata-const size     =    ------     ------
  edata size           =    ------     ------
  bit size             =    ------     ------
  ebit size            =    ------     ------
  bitaddressable size  =    ------     ------
  ebitaddressable size =    ------     ------
  far data size        =    ------     ------
  huge data size       =    ------     ------
  const size           =    ------     ------
  hconst size          =    ------     ------
End of Module Information.


C251 COMPILATION COMPLETE.  1 WARNING(S),  0 ERROR(S)
