C251 COMPILER V5.60.0,  main                                                               29/03/25  17:04:46  PAGE 1   


C251 COMPILER V5.60.0, COMPILATION OF MODULE main
OBJECT MODULE PLACED IN .\Out_File\main.obj
COMPILER INVOKED BY: D:\keil\C251\BIN\C251.EXE ..\USER\src\main.c XSMALL INTR2 FLOAT64 WARNINGLEVEL(3) OPTIMIZE(0,SPEED)
                    - BROWSE INCDIR(..\..\Libraries\libraries;..\..\Libraries\seekfree_libraries;..\..\Libraries\seekfree_peripheral;..\CODE;
                    -..\USER\inc;..\USER\src;..\..\Libraries\seekfree_components) DEBUG PRINT(.\Out_File\main.lst) TABS(2) OBJECT(.\Out_File\
                    -main.obj) 

stmt  level    source

    1          /********************************************************************************************************
             -*************
    2           * COPYRIGHT NOTICE
    3           * Copyright (c) 2020,逐飞科技
    4           * All rights reserved.
    5           * 技术讨论QQ群：一群：179029047(已满)  二群：244861897(已满)  三群：824575535
    6           *
    7           * 以下所有内容版权均属逐飞科技所有，未经允许不得用于商业用途，
    8           * 欢迎各位使用并传播本程序，修改内容时必须保留逐飞科技的版权声明。
    9           *
   10           * @file          main
   11           * @company       成都逐飞科技有限公司
   12           * @author        逐飞科技(QQ790875685)
   13           * @version       查看doc内version文件 版本说明
   14           * @Software    MDK FOR C251 V5.60
   15           * @Target core   STC32G12K128
   16           * @Taobao      https://seekfree.taobao.com/
   17           * @date          2020-12-18
   18           ********************************************************************************************************
             -************/
   19          
   20          #include "headfile.h"
   21          #include <action.h>
   22          
   23          
   24          
   25          /*
   26           * 系统频率，可查看board.h中的 FOSC 宏定义修改。
   27           * board.h文件中FOSC的值设置为0,则程序自动设置系统频率为33.1776MHZ
   28           */
   29          
   30          void main()
   31          {
   32   1        board_init();     // 初始化寄存器,勿删除此句代码。
   33   1        
   34   1        // 此处编写用户代码(例如：外设初始化代码等)
   35   1          pit_timer_ms(TIM_4, 5);
   36   1          Dir_encoder_init();
   37   1          DRV8701_init();
   38   1          delay_init();
   39   1          Nadc_init();
   40   1          while(1)
   41   1        {   
   42   2              printf("%d,%d,%d,%d\n",(uint16)dg_state.L_l11_once,(uint16)dg_state.L_l12_once,(uint16)dg_state.L
             -_l13_once,(uint16)dg_state.L_l21_once);
   43   2              printf("%d,%d,%d,%d\n",(uint16)dg_state.L_r11_once,(uint16)dg_state.L_r12_once,(uint16)dg_state.L
             -_r13_once,(uint16)dg_state.L_r21_once);
   44   2              printf("%d\n",flag);
   45   2              delay_ms(50);
   46   2      
   47   2          }
   48   1      }
   49          


Module Information          Static   Overlayable
------------------------------------------------
C251 COMPILER V5.60.0,  main                                                               29/03/25  17:04:46  PAGE 2   

  code size            =       141     ------
  ecode size           =    ------     ------
  data size            =    ------     ------
  idata size           =    ------     ------
  pdata size           =    ------     ------
  xdata size           =    ------     ------
  xdata-const size     =    ------     ------
  edata size           =    ------     ------
  bit size             =    ------     ------
  ebit size            =    ------     ------
  bitaddressable size  =    ------     ------
  ebitaddressable size =    ------     ------
  far data size        =    ------     ------
  huge data size       =    ------     ------
  const size           =    ------     ------
  hconst size          =        17     ------
End of Module Information.


C251 COMPILATION COMPLETE.  0 WARNING(S),  0 ERROR(S)
